The system is: Linux - 5.13.0-22-generic - x86_64
Compiling the C compiler identification source file "CMakeCCompilerId.c" succeeded.
Compiler: /usr/bin/arm-linux-gnueabi-gcc 
Build flags: 
Id flags:  

The output was:
0


Compilation of the C compiler identification source "CMakeCCompilerId.c" produced "a.out"

The C compiler identification is GNU, found in "/home/hongdayu/single_source/cmake-build-debug/CMakeFiles/3.18.4/CompilerIdC/a.out"

Compiling the CXX compiler identification source file "CMakeCXXCompilerId.cpp" succeeded.
Compiler: /usr/bin/arm-linux-gnueabi-g++ 
Build flags: 
Id flags:  

The output was:
0


Compilation of the CXX compiler identification source "CMakeCXXCompilerId.cpp" produced "a.out"

The CXX compiler identification is GNU, found in "/home/hongdayu/single_source/cmake-build-debug/CMakeFiles/3.18.4/CompilerIdCXX/a.out"

Detecting C compiler ABI info compiled with the following output:
Change Dir: /home/hongdayu/single_source/cmake-build-debug/CMakeFiles/CMakeTmp

Run Build Command(s):/usr/bin/make cmTC_9fe5f/fast && /usr/bin/make  -f CMakeFiles/cmTC_9fe5f.dir/build.make CMakeFiles/cmTC_9fe5f.dir/build
make[1]: Entering directory '/home/hongdayu/single_source/cmake-build-debug/CMakeFiles/CMakeTmp'
Building C object CMakeFiles/cmTC_9fe5f.dir/CMakeCCompilerABI.c.o
/usr/bin/arm-linux-gnueabi-gcc   -v -o CMakeFiles/cmTC_9fe5f.dir/CMakeCCompilerABI.c.o -c /usr/share/cmake-3.18/Modules/CMakeCCompilerABI.c
Using built-in specs.
COLLECT_GCC=/usr/bin/arm-linux-gnueabi-gcc
Target: arm-linux-gnueabi
Configured with: ../src/configure -v --with-pkgversion='Ubuntu 11.2.0-5ubuntu1' --with-bugurl=file:///usr/share/doc/gcc-11/README.Bugs --enable-languages=c,ada,c++,go,d,fortran,objc,obj-c++,m2 --prefix=/usr --with-gcc-major-version-only --program-suffix=-11 --enable-shared --enable-linker-build-id --libexecdir=/usr/lib --without-included-gettext --enable-threads=posix --libdir=/usr/lib --enable-nls --with-sysroot=/ --enable-clocale=gnu --enable-libstdcxx-debug --enable-libstdcxx-time=yes --with-default-libstdcxx-abi=new --enable-gnu-unique-object --disable-libitm --disable-libquadmath --disable-libquadmath-support --enable-plugin --with-system-zlib --enable-libphobos-checking=release --without-target-system-zlib --enable-multiarch --disable-sjlj-exceptions --with-specs='%{mfloat-abi=hard:-march=armv7-a -mcpu=generic-armv7-a -mfloat-abi=hard}' --with-arch=armv5t --with-float=soft --disable-werror --enable-checking=release --build=x86_64-linux-gnu --host=x86_64-linux-gnu --target=arm-linux-gnueabi --program-prefix=arm-linux-gnueabi- --includedir=/usr/arm-linux-gnueabi/include --with-build-config=bootstrap-lto-lean --enable-link-serialization=2
Thread model: posix
Supported LTO compression algorithms: zlib zstd
gcc version 11.2.0 (Ubuntu 11.2.0-5ubuntu1) 
COLLECT_GCC_OPTIONS='-v' '-o' 'CMakeFiles/cmTC_9fe5f.dir/CMakeCCompilerABI.c.o' '-c'  '-mfloat-abi=soft' '-mtls-dialect=gnu' '-marm' '-mlibarch=armv5t' '-march=armv5t' '-dumpdir' 'CMakeFiles/cmTC_9fe5f.dir/'
 /usr/lib/gcc-cross/arm-linux-gnueabi/11/cc1 -quiet -v -imultilib . -imultiarch arm-linux-gnueabi /usr/share/cmake-3.18/Modules/CMakeCCompilerABI.c -quiet -dumpdir CMakeFiles/cmTC_9fe5f.dir/ -dumpbase CMakeCCompilerABI.c.c -dumpbase-ext .c -mfloat-abi=soft -mtls-dialect=gnu -marm -mlibarch=armv5t -march=armv5t -version -fstack-protector-strong -Wformat -Wformat-security -o /tmp/cc6ptq46.s
GNU C17 (Ubuntu 11.2.0-5ubuntu1) version 11.2.0 (arm-linux-gnueabi)
	compiled by GNU C version 11.2.0, GMP version 6.2.1, MPFR version 4.1.0, MPC version 1.2.0, isl version isl-0.24-GMP

GGC heuristics: --param ggc-min-expand=100 --param ggc-min-heapsize=131072
ignoring nonexistent directory "/usr/local/include/arm-linux-gnueabi"
ignoring nonexistent directory "/usr/lib/gcc-cross/arm-linux-gnueabi/11/include-fixed"
ignoring nonexistent directory "/usr/include/arm-linux-gnueabi"
#include "..." search starts here:
#include <...> search starts here:
 /usr/lib/gcc-cross/arm-linux-gnueabi/11/include
 /usr/lib/gcc-cross/arm-linux-gnueabi/11/../../../../arm-linux-gnueabi/include
 /usr/include
End of search list.
GNU C17 (Ubuntu 11.2.0-5ubuntu1) version 11.2.0 (arm-linux-gnueabi)
	compiled by GNU C version 11.2.0, GMP version 6.2.1, MPFR version 4.1.0, MPC version 1.2.0, isl version isl-0.24-GMP

GGC heuristics: --param ggc-min-expand=100 --param ggc-min-heapsize=131072
Compiler executable checksum: 9e6c6ea0836011abd19eee29bc529e8d
COLLECT_GCC_OPTIONS='-v' '-o' 'CMakeFiles/cmTC_9fe5f.dir/CMakeCCompilerABI.c.o' '-c'  '-mfloat-abi=soft' '-mtls-dialect=gnu' '-marm' '-mlibarch=armv5t' '-march=armv5t' '-dumpdir' 'CMakeFiles/cmTC_9fe5f.dir/'
 /usr/lib/gcc-cross/arm-linux-gnueabi/11/../../../../arm-linux-gnueabi/bin/as -v -march=armv5t -mfloat-abi=soft -meabi=5 -o CMakeFiles/cmTC_9fe5f.dir/CMakeCCompilerABI.c.o /tmp/cc6ptq46.s
GNU assembler version 2.37 (arm-linux-gnueabi) using BFD version (GNU Binutils for Ubuntu) 2.37
COMPILER_PATH=/usr/lib/gcc-cross/arm-linux-gnueabi/11/:/usr/lib/gcc-cross/arm-linux-gnueabi/11/:/usr/lib/gcc-cross/arm-linux-gnueabi/:/usr/lib/gcc-cross/arm-linux-gnueabi/11/:/usr/lib/gcc-cross/arm-linux-gnueabi/:/usr/lib/gcc-cross/arm-linux-gnueabi/11/../../../../arm-linux-gnueabi/bin/
LIBRARY_PATH=/usr/lib/gcc-cross/arm-linux-gnueabi/11/:/usr/lib/gcc-cross/arm-linux-gnueabi/11/../../../../arm-linux-gnueabi/lib/:/lib/arm-linux-gnueabi/:/lib/:/usr/lib/arm-linux-gnueabi/:/usr/lib/
COLLECT_GCC_OPTIONS='-v' '-o' 'CMakeFiles/cmTC_9fe5f.dir/CMakeCCompilerABI.c.o' '-c'  '-mfloat-abi=soft' '-mtls-dialect=gnu' '-marm' '-mlibarch=armv5t' '-march=armv5t' '-dumpdir' 'CMakeFiles/cmTC_9fe5f.dir/CMakeCCompilerABI.c.'
Linking C executable cmTC_9fe5f
/usr/bin/cmake -E cmake_link_script CMakeFiles/cmTC_9fe5f.dir/link.txt --verbose=1
/usr/bin/arm-linux-gnueabi-gcc  -v CMakeFiles/cmTC_9fe5f.dir/CMakeCCompilerABI.c.o -o cmTC_9fe5f 
Using built-in specs.
COLLECT_GCC=/usr/bin/arm-linux-gnueabi-gcc
COLLECT_LTO_WRAPPER=/usr/lib/gcc-cross/arm-linux-gnueabi/11/lto-wrapper
Target: arm-linux-gnueabi
Configured with: ../src/configure -v --with-pkgversion='Ubuntu 11.2.0-5ubuntu1' --with-bugurl=file:///usr/share/doc/gcc-11/README.Bugs --enable-languages=c,ada,c++,go,d,fortran,objc,obj-c++,m2 --prefix=/usr --with-gcc-major-version-only --program-suffix=-11 --enable-shared --enable-linker-build-id --libexecdir=/usr/lib --without-included-gettext --enable-threads=posix --libdir=/usr/lib --enable-nls --with-sysroot=/ --enable-clocale=gnu --enable-libstdcxx-debug --enable-libstdcxx-time=yes --with-default-libstdcxx-abi=new --enable-gnu-unique-object --disable-libitm --disable-libquadmath --disable-libquadmath-support --enable-plugin --with-system-zlib --enable-libphobos-checking=release --without-target-system-zlib --enable-multiarch --disable-sjlj-exceptions --with-specs='%{mfloat-abi=hard:-march=armv7-a -mcpu=generic-armv7-a -mfloat-abi=hard}' --with-arch=armv5t --with-float=soft --disable-werror --enable-checking=release --build=x86_64-linux-gnu --host=x86_64-linux-gnu --target=arm-linux-gnueabi --program-prefix=arm-linux-gnueabi- --includedir=/usr/arm-linux-gnueabi/include --with-build-config=bootstrap-lto-lean --enable-link-serialization=2
Thread model: posix
Supported LTO compression algorithms: zlib zstd
gcc version 11.2.0 (Ubuntu 11.2.0-5ubuntu1) 
COMPILER_PATH=/usr/lib/gcc-cross/arm-linux-gnueabi/11/:/usr/lib/gcc-cross/arm-linux-gnueabi/11/:/usr/lib/gcc-cross/arm-linux-gnueabi/:/usr/lib/gcc-cross/arm-linux-gnueabi/11/:/usr/lib/gcc-cross/arm-linux-gnueabi/:/usr/lib/gcc-cross/arm-linux-gnueabi/11/../../../../arm-linux-gnueabi/bin/
LIBRARY_PATH=/usr/lib/gcc-cross/arm-linux-gnueabi/11/:/usr/lib/gcc-cross/arm-linux-gnueabi/11/../../../../arm-linux-gnueabi/lib/:/lib/arm-linux-gnueabi/:/lib/:/usr/lib/arm-linux-gnueabi/:/usr/lib/
COLLECT_GCC_OPTIONS='-v' '-o' 'cmTC_9fe5f'  '-mfloat-abi=soft' '-mtls-dialect=gnu' '-marm' '-mlibarch=armv5t' '-march=armv5t' '-dumpdir' 'cmTC_9fe5f.'
 /usr/lib/gcc-cross/arm-linux-gnueabi/11/collect2 -plugin /usr/lib/gcc-cross/arm-linux-gnueabi/11/liblto_plugin.so -plugin-opt=/usr/lib/gcc-cross/arm-linux-gnueabi/11/lto-wrapper -plugin-opt=-fresolution=/tmp/ccXJADBU.res -plugin-opt=-pass-through=-lgcc -plugin-opt=-pass-through=-lgcc_s -plugin-opt=-pass-through=-lc -plugin-opt=-pass-through=-lgcc -plugin-opt=-pass-through=-lgcc_s --sysroot=/ --build-id --eh-frame-hdr -dynamic-linker /lib/ld-linux.so.3 -X --hash-style=gnu --as-needed -m armelf_linux_eabi -z relro -o cmTC_9fe5f /usr/lib/gcc-cross/arm-linux-gnueabi/11/../../../../arm-linux-gnueabi/lib/crt1.o /usr/lib/gcc-cross/arm-linux-gnueabi/11/../../../../arm-linux-gnueabi/lib/crti.o /usr/lib/gcc-cross/arm-linux-gnueabi/11/crtbegin.o -L/usr/lib/gcc-cross/arm-linux-gnueabi/11 -L/usr/lib/gcc-cross/arm-linux-gnueabi/11/../../../../arm-linux-gnueabi/lib -L/lib/arm-linux-gnueabi -L/usr/lib/arm-linux-gnueabi CMakeFiles/cmTC_9fe5f.dir/CMakeCCompilerABI.c.o -lgcc --push-state --as-needed -lgcc_s --pop-state -lc -lgcc --push-state --as-needed -lgcc_s --pop-state /usr/lib/gcc-cross/arm-linux-gnueabi/11/crtend.o /usr/lib/gcc-cross/arm-linux-gnueabi/11/../../../../arm-linux-gnueabi/lib/crtn.o
COLLECT_GCC_OPTIONS='-v' '-o' 'cmTC_9fe5f'  '-mfloat-abi=soft' '-mtls-dialect=gnu' '-marm' '-mlibarch=armv5t' '-march=armv5t' '-dumpdir' 'cmTC_9fe5f.'
make[1]: Leaving directory '/home/hongdayu/single_source/cmake-build-debug/CMakeFiles/CMakeTmp'



Parsed C implicit include dir info from above output: rv=done
  found start of include info
  found start of implicit include info
    add: [/usr/lib/gcc-cross/arm-linux-gnueabi/11/include]
    add: [/usr/lib/gcc-cross/arm-linux-gnueabi/11/../../../../arm-linux-gnueabi/include]
    add: [/usr/include]
  end of search list found
  collapse include dir [/usr/lib/gcc-cross/arm-linux-gnueabi/11/include] ==> [/usr/lib/gcc-cross/arm-linux-gnueabi/11/include]
  collapse include dir [/usr/lib/gcc-cross/arm-linux-gnueabi/11/../../../../arm-linux-gnueabi/include] ==> [/usr/arm-linux-gnueabi/include]
  collapse include dir [/usr/include] ==> [/usr/include]
  implicit include dirs: [/usr/lib/gcc-cross/arm-linux-gnueabi/11/include;/usr/arm-linux-gnueabi/include;/usr/include]


Parsed C implicit link information from above output:
  link line regex: [^( *|.*[/\])(arm-linux-gnueabi-ld|CMAKE_LINK_STARTFILE-NOTFOUND|([^/\]+-)?ld|collect2)[^/\]*( |$)]
  ignore line: [Change Dir: /home/hongdayu/single_source/cmake-build-debug/CMakeFiles/CMakeTmp]
  ignore line: []
  ignore line: [Run Build Command(s):/usr/bin/make cmTC_9fe5f/fast && /usr/bin/make  -f CMakeFiles/cmTC_9fe5f.dir/build.make CMakeFiles/cmTC_9fe5f.dir/build]
  ignore line: [make[1]: Entering directory '/home/hongdayu/single_source/cmake-build-debug/CMakeFiles/CMakeTmp']
  ignore line: [Building C object CMakeFiles/cmTC_9fe5f.dir/CMakeCCompilerABI.c.o]
  ignore line: [/usr/bin/arm-linux-gnueabi-gcc   -v -o CMakeFiles/cmTC_9fe5f.dir/CMakeCCompilerABI.c.o -c /usr/share/cmake-3.18/Modules/CMakeCCompilerABI.c]
  ignore line: [Using built-in specs.]
  ignore line: [COLLECT_GCC=/usr/bin/arm-linux-gnueabi-gcc]
  ignore line: [Target: arm-linux-gnueabi]
  ignore line: [Configured with: ../src/configure -v --with-pkgversion='Ubuntu 11.2.0-5ubuntu1' --with-bugurl=file:///usr/share/doc/gcc-11/README.Bugs --enable-languages=c ada c++ go d fortran objc obj-c++ m2 --prefix=/usr --with-gcc-major-version-only --program-suffix=-11 --enable-shared --enable-linker-build-id --libexecdir=/usr/lib --without-included-gettext --enable-threads=posix --libdir=/usr/lib --enable-nls --with-sysroot=/ --enable-clocale=gnu --enable-libstdcxx-debug --enable-libstdcxx-time=yes --with-default-libstdcxx-abi=new --enable-gnu-unique-object --disable-libitm --disable-libquadmath --disable-libquadmath-support --enable-plugin --with-system-zlib --enable-libphobos-checking=release --without-target-system-zlib --enable-multiarch --disable-sjlj-exceptions --with-specs='%{mfloat-abi=hard:-march=armv7-a -mcpu=generic-armv7-a -mfloat-abi=hard}' --with-arch=armv5t --with-float=soft --disable-werror --enable-checking=release --build=x86_64-linux-gnu --host=x86_64-linux-gnu --target=arm-linux-gnueabi --program-prefix=arm-linux-gnueabi- --includedir=/usr/arm-linux-gnueabi/include --with-build-config=bootstrap-lto-lean --enable-link-serialization=2]
  ignore line: [Thread model: posix]
  ignore line: [Supported LTO compression algorithms: zlib zstd]
  ignore line: [gcc version 11.2.0 (Ubuntu 11.2.0-5ubuntu1) ]
  ignore line: [COLLECT_GCC_OPTIONS='-v' '-o' 'CMakeFiles/cmTC_9fe5f.dir/CMakeCCompilerABI.c.o' '-c'  '-mfloat-abi=soft' '-mtls-dialect=gnu' '-marm' '-mlibarch=armv5t' '-march=armv5t' '-dumpdir' 'CMakeFiles/cmTC_9fe5f.dir/']
  ignore line: [ /usr/lib/gcc-cross/arm-linux-gnueabi/11/cc1 -quiet -v -imultilib . -imultiarch arm-linux-gnueabi /usr/share/cmake-3.18/Modules/CMakeCCompilerABI.c -quiet -dumpdir CMakeFiles/cmTC_9fe5f.dir/ -dumpbase CMakeCCompilerABI.c.c -dumpbase-ext .c -mfloat-abi=soft -mtls-dialect=gnu -marm -mlibarch=armv5t -march=armv5t -version -fstack-protector-strong -Wformat -Wformat-security -o /tmp/cc6ptq46.s]
  ignore line: [GNU C17 (Ubuntu 11.2.0-5ubuntu1) version 11.2.0 (arm-linux-gnueabi)]
  ignore line: [	compiled by GNU C version 11.2.0  GMP version 6.2.1  MPFR version 4.1.0  MPC version 1.2.0  isl version isl-0.24-GMP]
  ignore line: []
  ignore line: [GGC heuristics: --param ggc-min-expand=100 --param ggc-min-heapsize=131072]
  ignore line: [ignoring nonexistent directory "/usr/local/include/arm-linux-gnueabi"]
  ignore line: [ignoring nonexistent directory "/usr/lib/gcc-cross/arm-linux-gnueabi/11/include-fixed"]
  ignore line: [ignoring nonexistent directory "/usr/include/arm-linux-gnueabi"]
  ignore line: [#include "..." search starts here:]
  ignore line: [#include <...> search starts here:]
  ignore line: [ /usr/lib/gcc-cross/arm-linux-gnueabi/11/include]
  ignore line: [ /usr/lib/gcc-cross/arm-linux-gnueabi/11/../../../../arm-linux-gnueabi/include]
  ignore line: [ /usr/include]
  ignore line: [End of search list.]
  ignore line: [GNU C17 (Ubuntu 11.2.0-5ubuntu1) version 11.2.0 (arm-linux-gnueabi)]
  ignore line: [	compiled by GNU C version 11.2.0  GMP version 6.2.1  MPFR version 4.1.0  MPC version 1.2.0  isl version isl-0.24-GMP]
  ignore line: []
  ignore line: [GGC heuristics: --param ggc-min-expand=100 --param ggc-min-heapsize=131072]
  ignore line: [Compiler executable checksum: 9e6c6ea0836011abd19eee29bc529e8d]
  ignore line: [COLLECT_GCC_OPTIONS='-v' '-o' 'CMakeFiles/cmTC_9fe5f.dir/CMakeCCompilerABI.c.o' '-c'  '-mfloat-abi=soft' '-mtls-dialect=gnu' '-marm' '-mlibarch=armv5t' '-march=armv5t' '-dumpdir' 'CMakeFiles/cmTC_9fe5f.dir/']
  ignore line: [ /usr/lib/gcc-cross/arm-linux-gnueabi/11/../../../../arm-linux-gnueabi/bin/as -v -march=armv5t -mfloat-abi=soft -meabi=5 -o CMakeFiles/cmTC_9fe5f.dir/CMakeCCompilerABI.c.o /tmp/cc6ptq46.s]
  ignore line: [GNU assembler version 2.37 (arm-linux-gnueabi) using BFD version (GNU Binutils for Ubuntu) 2.37]
  ignore line: [COMPILER_PATH=/usr/lib/gcc-cross/arm-linux-gnueabi/11/:/usr/lib/gcc-cross/arm-linux-gnueabi/11/:/usr/lib/gcc-cross/arm-linux-gnueabi/:/usr/lib/gcc-cross/arm-linux-gnueabi/11/:/usr/lib/gcc-cross/arm-linux-gnueabi/:/usr/lib/gcc-cross/arm-linux-gnueabi/11/../../../../arm-linux-gnueabi/bin/]
  ignore line: [LIBRARY_PATH=/usr/lib/gcc-cross/arm-linux-gnueabi/11/:/usr/lib/gcc-cross/arm-linux-gnueabi/11/../../../../arm-linux-gnueabi/lib/:/lib/arm-linux-gnueabi/:/lib/:/usr/lib/arm-linux-gnueabi/:/usr/lib/]
  ignore line: [COLLECT_GCC_OPTIONS='-v' '-o' 'CMakeFiles/cmTC_9fe5f.dir/CMakeCCompilerABI.c.o' '-c'  '-mfloat-abi=soft' '-mtls-dialect=gnu' '-marm' '-mlibarch=armv5t' '-march=armv5t' '-dumpdir' 'CMakeFiles/cmTC_9fe5f.dir/CMakeCCompilerABI.c.']
  ignore line: [Linking C executable cmTC_9fe5f]
  ignore line: [/usr/bin/cmake -E cmake_link_script CMakeFiles/cmTC_9fe5f.dir/link.txt --verbose=1]
  ignore line: [/usr/bin/arm-linux-gnueabi-gcc  -v CMakeFiles/cmTC_9fe5f.dir/CMakeCCompilerABI.c.o -o cmTC_9fe5f ]
  ignore line: [Using built-in specs.]
  ignore line: [COLLECT_GCC=/usr/bin/arm-linux-gnueabi-gcc]
  ignore line: [COLLECT_LTO_WRAPPER=/usr/lib/gcc-cross/arm-linux-gnueabi/11/lto-wrapper]
  ignore line: [Target: arm-linux-gnueabi]
  ignore line: [Configured with: ../src/configure -v --with-pkgversion='Ubuntu 11.2.0-5ubuntu1' --with-bugurl=file:///usr/share/doc/gcc-11/README.Bugs --enable-languages=c ada c++ go d fortran objc obj-c++ m2 --prefix=/usr --with-gcc-major-version-only --program-suffix=-11 --enable-shared --enable-linker-build-id --libexecdir=/usr/lib --without-included-gettext --enable-threads=posix --libdir=/usr/lib --enable-nls --with-sysroot=/ --enable-clocale=gnu --enable-libstdcxx-debug --enable-libstdcxx-time=yes --with-default-libstdcxx-abi=new --enable-gnu-unique-object --disable-libitm --disable-libquadmath --disable-libquadmath-support --enable-plugin --with-system-zlib --enable-libphobos-checking=release --without-target-system-zlib --enable-multiarch --disable-sjlj-exceptions --with-specs='%{mfloat-abi=hard:-march=armv7-a -mcpu=generic-armv7-a -mfloat-abi=hard}' --with-arch=armv5t --with-float=soft --disable-werror --enable-checking=release --build=x86_64-linux-gnu --host=x86_64-linux-gnu --target=arm-linux-gnueabi --program-prefix=arm-linux-gnueabi- --includedir=/usr/arm-linux-gnueabi/include --with-build-config=bootstrap-lto-lean --enable-link-serialization=2]
  ignore line: [Thread model: posix]
  ignore line: [Supported LTO compression algorithms: zlib zstd]
  ignore line: [gcc version 11.2.0 (Ubuntu 11.2.0-5ubuntu1) ]
  ignore line: [COMPILER_PATH=/usr/lib/gcc-cross/arm-linux-gnueabi/11/:/usr/lib/gcc-cross/arm-linux-gnueabi/11/:/usr/lib/gcc-cross/arm-linux-gnueabi/:/usr/lib/gcc-cross/arm-linux-gnueabi/11/:/usr/lib/gcc-cross/arm-linux-gnueabi/:/usr/lib/gcc-cross/arm-linux-gnueabi/11/../../../../arm-linux-gnueabi/bin/]
  ignore line: [LIBRARY_PATH=/usr/lib/gcc-cross/arm-linux-gnueabi/11/:/usr/lib/gcc-cross/arm-linux-gnueabi/11/../../../../arm-linux-gnueabi/lib/:/lib/arm-linux-gnueabi/:/lib/:/usr/lib/arm-linux-gnueabi/:/usr/lib/]
  ignore line: [COLLECT_GCC_OPTIONS='-v' '-o' 'cmTC_9fe5f'  '-mfloat-abi=soft' '-mtls-dialect=gnu' '-marm' '-mlibarch=armv5t' '-march=armv5t' '-dumpdir' 'cmTC_9fe5f.']
  link line: [ /usr/lib/gcc-cross/arm-linux-gnueabi/11/collect2 -plugin /usr/lib/gcc-cross/arm-linux-gnueabi/11/liblto_plugin.so -plugin-opt=/usr/lib/gcc-cross/arm-linux-gnueabi/11/lto-wrapper -plugin-opt=-fresolution=/tmp/ccXJADBU.res -plugin-opt=-pass-through=-lgcc -plugin-opt=-pass-through=-lgcc_s -plugin-opt=-pass-through=-lc -plugin-opt=-pass-through=-lgcc -plugin-opt=-pass-through=-lgcc_s --sysroot=/ --build-id --eh-frame-hdr -dynamic-linker /lib/ld-linux.so.3 -X --hash-style=gnu --as-needed -m armelf_linux_eabi -z relro -o cmTC_9fe5f /usr/lib/gcc-cross/arm-linux-gnueabi/11/../../../../arm-linux-gnueabi/lib/crt1.o /usr/lib/gcc-cross/arm-linux-gnueabi/11/../../../../arm-linux-gnueabi/lib/crti.o /usr/lib/gcc-cross/arm-linux-gnueabi/11/crtbegin.o -L/usr/lib/gcc-cross/arm-linux-gnueabi/11 -L/usr/lib/gcc-cross/arm-linux-gnueabi/11/../../../../arm-linux-gnueabi/lib -L/lib/arm-linux-gnueabi -L/usr/lib/arm-linux-gnueabi CMakeFiles/cmTC_9fe5f.dir/CMakeCCompilerABI.c.o -lgcc --push-state --as-needed -lgcc_s --pop-state -lc -lgcc --push-state --as-needed -lgcc_s --pop-state /usr/lib/gcc-cross/arm-linux-gnueabi/11/crtend.o /usr/lib/gcc-cross/arm-linux-gnueabi/11/../../../../arm-linux-gnueabi/lib/crtn.o]
    arg [/usr/lib/gcc-cross/arm-linux-gnueabi/11/collect2] ==> ignore
    arg [-plugin] ==> ignore
    arg [/usr/lib/gcc-cross/arm-linux-gnueabi/11/liblto_plugin.so] ==> ignore
    arg [-plugin-opt=/usr/lib/gcc-cross/arm-linux-gnueabi/11/lto-wrapper] ==> ignore
    arg [-plugin-opt=-fresolution=/tmp/ccXJADBU.res] ==> ignore
    arg [-plugin-opt=-pass-through=-lgcc] ==> ignore
    arg [-plugin-opt=-pass-through=-lgcc_s] ==> ignore
    arg [-plugin-opt=-pass-through=-lc] ==> ignore
    arg [-plugin-opt=-pass-through=-lgcc] ==> ignore
    arg [-plugin-opt=-pass-through=-lgcc_s] ==> ignore
    arg [--sysroot=/] ==> ignore
    arg [--build-id] ==> ignore
    arg [--eh-frame-hdr] ==> ignore
    arg [-dynamic-linker] ==> ignore
    arg [/lib/ld-linux.so.3] ==> ignore
    arg [-X] ==> ignore
    arg [--hash-style=gnu] ==> ignore
    arg [--as-needed] ==> ignore
    arg [-m] ==> ignore
    arg [armelf_linux_eabi] ==> ignore
    arg [-zrelro] ==> ignore
    arg [-o] ==> ignore
    arg [cmTC_9fe5f] ==> ignore
    arg [/usr/lib/gcc-cross/arm-linux-gnueabi/11/../../../../arm-linux-gnueabi/lib/crt1.o] ==> ignore
    arg [/usr/lib/gcc-cross/arm-linux-gnueabi/11/../../../../arm-linux-gnueabi/lib/crti.o] ==> ignore
    arg [/usr/lib/gcc-cross/arm-linux-gnueabi/11/crtbegin.o] ==> ignore
    arg [-L/usr/lib/gcc-cross/arm-linux-gnueabi/11] ==> dir [/usr/lib/gcc-cross/arm-linux-gnueabi/11]
    arg [-L/usr/lib/gcc-cross/arm-linux-gnueabi/11/../../../../arm-linux-gnueabi/lib] ==> dir [/usr/lib/gcc-cross/arm-linux-gnueabi/11/../../../../arm-linux-gnueabi/lib]
    arg [-L/lib/arm-linux-gnueabi] ==> dir [/lib/arm-linux-gnueabi]
    arg [-L/usr/lib/arm-linux-gnueabi] ==> dir [/usr/lib/arm-linux-gnueabi]
    arg [CMakeFiles/cmTC_9fe5f.dir/CMakeCCompilerABI.c.o] ==> ignore
    arg [-lgcc] ==> lib [gcc]
    arg [--push-state] ==> ignore
    arg [--as-needed] ==> ignore
    arg [-lgcc_s] ==> lib [gcc_s]
    arg [--pop-state] ==> ignore
    arg [-lc] ==> lib [c]
    arg [-lgcc] ==> lib [gcc]
    arg [--push-state] ==> ignore
    arg [--as-needed] ==> ignore
    arg [-lgcc_s] ==> lib [gcc_s]
    arg [--pop-state] ==> ignore
    arg [/usr/lib/gcc-cross/arm-linux-gnueabi/11/crtend.o] ==> ignore
    arg [/usr/lib/gcc-cross/arm-linux-gnueabi/11/../../../../arm-linux-gnueabi/lib/crtn.o] ==> ignore
  collapse library dir [/usr/lib/gcc-cross/arm-linux-gnueabi/11] ==> [/usr/lib/gcc-cross/arm-linux-gnueabi/11]
  collapse library dir [/usr/lib/gcc-cross/arm-linux-gnueabi/11/../../../../arm-linux-gnueabi/lib] ==> [/usr/arm-linux-gnueabi/lib]
  collapse library dir [/lib/arm-linux-gnueabi] ==> [/lib/arm-linux-gnueabi]
  collapse library dir [/usr/lib/arm-linux-gnueabi] ==> [/usr/lib/arm-linux-gnueabi]
  implicit libs: [gcc;gcc_s;c;gcc;gcc_s]
  implicit dirs: [/usr/lib/gcc-cross/arm-linux-gnueabi/11;/usr/arm-linux-gnueabi/lib;/lib/arm-linux-gnueabi;/usr/lib/arm-linux-gnueabi]
  implicit fwks: []


Detecting CXX compiler ABI info compiled with the following output:
Change Dir: /home/hongdayu/single_source/cmake-build-debug/CMakeFiles/CMakeTmp

Run Build Command(s):/usr/bin/make cmTC_b44f3/fast && /usr/bin/make  -f CMakeFiles/cmTC_b44f3.dir/build.make CMakeFiles/cmTC_b44f3.dir/build
make[1]: Entering directory '/home/hongdayu/single_source/cmake-build-debug/CMakeFiles/CMakeTmp'
Building CXX object CMakeFiles/cmTC_b44f3.dir/CMakeCXXCompilerABI.cpp.o
/usr/bin/arm-linux-gnueabi-g++   -v -o CMakeFiles/cmTC_b44f3.dir/CMakeCXXCompilerABI.cpp.o -c /usr/share/cmake-3.18/Modules/CMakeCXXCompilerABI.cpp
Using built-in specs.
COLLECT_GCC=/usr/bin/arm-linux-gnueabi-g++
Target: arm-linux-gnueabi
Configured with: ../src/configure -v --with-pkgversion='Ubuntu 11.2.0-5ubuntu1' --with-bugurl=file:///usr/share/doc/gcc-11/README.Bugs --enable-languages=c,ada,c++,go,d,fortran,objc,obj-c++,m2 --prefix=/usr --with-gcc-major-version-only --program-suffix=-11 --enable-shared --enable-linker-build-id --libexecdir=/usr/lib --without-included-gettext --enable-threads=posix --libdir=/usr/lib --enable-nls --with-sysroot=/ --enable-clocale=gnu --enable-libstdcxx-debug --enable-libstdcxx-time=yes --with-default-libstdcxx-abi=new --enable-gnu-unique-object --disable-libitm --disable-libquadmath --disable-libquadmath-support --enable-plugin --with-system-zlib --enable-libphobos-checking=release --without-target-system-zlib --enable-multiarch --disable-sjlj-exceptions --with-specs='%{mfloat-abi=hard:-march=armv7-a -mcpu=generic-armv7-a -mfloat-abi=hard}' --with-arch=armv5t --with-float=soft --disable-werror --enable-checking=release --build=x86_64-linux-gnu --host=x86_64-linux-gnu --target=arm-linux-gnueabi --program-prefix=arm-linux-gnueabi- --includedir=/usr/arm-linux-gnueabi/include --with-build-config=bootstrap-lto-lean --enable-link-serialization=2
Thread model: posix
Supported LTO compression algorithms: zlib zstd
gcc version 11.2.0 (Ubuntu 11.2.0-5ubuntu1) 
COLLECT_GCC_OPTIONS='-v' '-o' 'CMakeFiles/cmTC_b44f3.dir/CMakeCXXCompilerABI.cpp.o' '-c' '-shared-libgcc'  '-mfloat-abi=soft' '-mtls-dialect=gnu' '-marm' '-mlibarch=armv5t' '-march=armv5t' '-dumpdir' 'CMakeFiles/cmTC_b44f3.dir/'
 /usr/lib/gcc-cross/arm-linux-gnueabi/11/cc1plus -quiet -v -imultilib . -imultiarch arm-linux-gnueabi -D_GNU_SOURCE /usr/share/cmake-3.18/Modules/CMakeCXXCompilerABI.cpp -quiet -dumpdir CMakeFiles/cmTC_b44f3.dir/ -dumpbase CMakeCXXCompilerABI.cpp.cpp -dumpbase-ext .cpp -mfloat-abi=soft -mtls-dialect=gnu -marm -mlibarch=armv5t -march=armv5t -version -fstack-protector-strong -Wformat -Wformat-security -o /tmp/ccZ5awZb.s
GNU C++17 (Ubuntu 11.2.0-5ubuntu1) version 11.2.0 (arm-linux-gnueabi)
	compiled by GNU C version 11.2.0, GMP version 6.2.1, MPFR version 4.1.0, MPC version 1.2.0, isl version isl-0.24-GMP

GGC heuristics: --param ggc-min-expand=100 --param ggc-min-heapsize=131072
ignoring nonexistent directory "/usr/local/include/arm-linux-gnueabi"
ignoring nonexistent directory "/usr/lib/gcc-cross/arm-linux-gnueabi/11/include-fixed"
ignoring nonexistent directory "/usr/include/arm-linux-gnueabi"
#include "..." search starts here:
#include <...> search starts here:
 /usr/lib/gcc-cross/arm-linux-gnueabi/11/../../../../arm-linux-gnueabi/include/c++/11
 /usr/lib/gcc-cross/arm-linux-gnueabi/11/../../../../arm-linux-gnueabi/include/c++/11/arm-linux-gnueabi/.
 /usr/lib/gcc-cross/arm-linux-gnueabi/11/../../../../arm-linux-gnueabi/include/c++/11/backward
 /usr/lib/gcc-cross/arm-linux-gnueabi/11/include
 /usr/lib/gcc-cross/arm-linux-gnueabi/11/../../../../arm-linux-gnueabi/include
 /usr/include
End of search list.
GNU C++17 (Ubuntu 11.2.0-5ubuntu1) version 11.2.0 (arm-linux-gnueabi)
	compiled by GNU C version 11.2.0, GMP version 6.2.1, MPFR version 4.1.0, MPC version 1.2.0, isl version isl-0.24-GMP

GGC heuristics: --param ggc-min-expand=100 --param ggc-min-heapsize=131072
Compiler executable checksum: 62e4fdc9166675f5dce158a5ebf9243f
COLLECT_GCC_OPTIONS='-v' '-o' 'CMakeFiles/cmTC_b44f3.dir/CMakeCXXCompilerABI.cpp.o' '-c' '-shared-libgcc'  '-mfloat-abi=soft' '-mtls-dialect=gnu' '-marm' '-mlibarch=armv5t' '-march=armv5t' '-dumpdir' 'CMakeFiles/cmTC_b44f3.dir/'
 /usr/lib/gcc-cross/arm-linux-gnueabi/11/../../../../arm-linux-gnueabi/bin/as -v -march=armv5t -mfloat-abi=soft -meabi=5 -o CMakeFiles/cmTC_b44f3.dir/CMakeCXXCompilerABI.cpp.o /tmp/ccZ5awZb.s
GNU assembler version 2.37 (arm-linux-gnueabi) using BFD version (GNU Binutils for Ubuntu) 2.37
COMPILER_PATH=/usr/lib/gcc-cross/arm-linux-gnueabi/11/:/usr/lib/gcc-cross/arm-linux-gnueabi/11/:/usr/lib/gcc-cross/arm-linux-gnueabi/:/usr/lib/gcc-cross/arm-linux-gnueabi/11/:/usr/lib/gcc-cross/arm-linux-gnueabi/:/usr/lib/gcc-cross/arm-linux-gnueabi/11/../../../../arm-linux-gnueabi/bin/
LIBRARY_PATH=/usr/lib/gcc-cross/arm-linux-gnueabi/11/:/usr/lib/gcc-cross/arm-linux-gnueabi/11/../../../../arm-linux-gnueabi/lib/:/lib/arm-linux-gnueabi/:/lib/:/usr/lib/arm-linux-gnueabi/:/usr/lib/
COLLECT_GCC_OPTIONS='-v' '-o' 'CMakeFiles/cmTC_b44f3.dir/CMakeCXXCompilerABI.cpp.o' '-c' '-shared-libgcc'  '-mfloat-abi=soft' '-mtls-dialect=gnu' '-marm' '-mlibarch=armv5t' '-march=armv5t' '-dumpdir' 'CMakeFiles/cmTC_b44f3.dir/CMakeCXXCompilerABI.cpp.'
Linking CXX executable cmTC_b44f3
/usr/bin/cmake -E cmake_link_script CMakeFiles/cmTC_b44f3.dir/link.txt --verbose=1
/usr/bin/arm-linux-gnueabi-g++  -v CMakeFiles/cmTC_b44f3.dir/CMakeCXXCompilerABI.cpp.o -o cmTC_b44f3 
Using built-in specs.
COLLECT_GCC=/usr/bin/arm-linux-gnueabi-g++
COLLECT_LTO_WRAPPER=/usr/lib/gcc-cross/arm-linux-gnueabi/11/lto-wrapper
Target: arm-linux-gnueabi
Configured with: ../src/configure -v --with-pkgversion='Ubuntu 11.2.0-5ubuntu1' --with-bugurl=file:///usr/share/doc/gcc-11/README.Bugs --enable-languages=c,ada,c++,go,d,fortran,objc,obj-c++,m2 --prefix=/usr --with-gcc-major-version-only --program-suffix=-11 --enable-shared --enable-linker-build-id --libexecdir=/usr/lib --without-included-gettext --enable-threads=posix --libdir=/usr/lib --enable-nls --with-sysroot=/ --enable-clocale=gnu --enable-libstdcxx-debug --enable-libstdcxx-time=yes --with-default-libstdcxx-abi=new --enable-gnu-unique-object --disable-libitm --disable-libquadmath --disable-libquadmath-support --enable-plugin --with-system-zlib --enable-libphobos-checking=release --without-target-system-zlib --enable-multiarch --disable-sjlj-exceptions --with-specs='%{mfloat-abi=hard:-march=armv7-a -mcpu=generic-armv7-a -mfloat-abi=hard}' --with-arch=armv5t --with-float=soft --disable-werror --enable-checking=release --build=x86_64-linux-gnu --host=x86_64-linux-gnu --target=arm-linux-gnueabi --program-prefix=arm-linux-gnueabi- --includedir=/usr/arm-linux-gnueabi/include --with-build-config=bootstrap-lto-lean --enable-link-serialization=2
Thread model: posix
Supported LTO compression algorithms: zlib zstd
gcc version 11.2.0 (Ubuntu 11.2.0-5ubuntu1) 
COMPILER_PATH=/usr/lib/gcc-cross/arm-linux-gnueabi/11/:/usr/lib/gcc-cross/arm-linux-gnueabi/11/:/usr/lib/gcc-cross/arm-linux-gnueabi/:/usr/lib/gcc-cross/arm-linux-gnueabi/11/:/usr/lib/gcc-cross/arm-linux-gnueabi/:/usr/lib/gcc-cross/arm-linux-gnueabi/11/../../../../arm-linux-gnueabi/bin/
LIBRARY_PATH=/usr/lib/gcc-cross/arm-linux-gnueabi/11/:/usr/lib/gcc-cross/arm-linux-gnueabi/11/../../../../arm-linux-gnueabi/lib/:/lib/arm-linux-gnueabi/:/lib/:/usr/lib/arm-linux-gnueabi/:/usr/lib/
COLLECT_GCC_OPTIONS='-v' '-o' 'cmTC_b44f3' '-shared-libgcc'  '-mfloat-abi=soft' '-mtls-dialect=gnu' '-marm' '-mlibarch=armv5t' '-march=armv5t' '-dumpdir' 'cmTC_b44f3.'
 /usr/lib/gcc-cross/arm-linux-gnueabi/11/collect2 -plugin /usr/lib/gcc-cross/arm-linux-gnueabi/11/liblto_plugin.so -plugin-opt=/usr/lib/gcc-cross/arm-linux-gnueabi/11/lto-wrapper -plugin-opt=-fresolution=/tmp/ccPUbwye.res -plugin-opt=-pass-through=-lgcc_s -plugin-opt=-pass-through=-lgcc -plugin-opt=-pass-through=-lc -plugin-opt=-pass-through=-lgcc_s -plugin-opt=-pass-through=-lgcc --sysroot=/ --build-id --eh-frame-hdr -dynamic-linker /lib/ld-linux.so.3 -X --hash-style=gnu --as-needed -m armelf_linux_eabi -z relro -o cmTC_b44f3 /usr/lib/gcc-cross/arm-linux-gnueabi/11/../../../../arm-linux-gnueabi/lib/crt1.o /usr/lib/gcc-cross/arm-linux-gnueabi/11/../../../../arm-linux-gnueabi/lib/crti.o /usr/lib/gcc-cross/arm-linux-gnueabi/11/crtbegin.o -L/usr/lib/gcc-cross/arm-linux-gnueabi/11 -L/usr/lib/gcc-cross/arm-linux-gnueabi/11/../../../../arm-linux-gnueabi/lib -L/lib/arm-linux-gnueabi -L/usr/lib/arm-linux-gnueabi CMakeFiles/cmTC_b44f3.dir/CMakeCXXCompilerABI.cpp.o -lstdc++ -lm -lgcc_s -lgcc -lc -lgcc_s -lgcc /usr/lib/gcc-cross/arm-linux-gnueabi/11/crtend.o /usr/lib/gcc-cross/arm-linux-gnueabi/11/../../../../arm-linux-gnueabi/lib/crtn.o
COLLECT_GCC_OPTIONS='-v' '-o' 'cmTC_b44f3' '-shared-libgcc'  '-mfloat-abi=soft' '-mtls-dialect=gnu' '-marm' '-mlibarch=armv5t' '-march=armv5t' '-dumpdir' 'cmTC_b44f3.'
make[1]: Leaving directory '/home/hongdayu/single_source/cmake-build-debug/CMakeFiles/CMakeTmp'



Parsed CXX implicit include dir info from above output: rv=done
  found start of include info
  found start of implicit include info
    add: [/usr/lib/gcc-cross/arm-linux-gnueabi/11/../../../../arm-linux-gnueabi/include/c++/11]
    add: [/usr/lib/gcc-cross/arm-linux-gnueabi/11/../../../../arm-linux-gnueabi/include/c++/11/arm-linux-gnueabi/.]
    add: [/usr/lib/gcc-cross/arm-linux-gnueabi/11/../../../../arm-linux-gnueabi/include/c++/11/backward]
    add: [/usr/lib/gcc-cross/arm-linux-gnueabi/11/include]
    add: [/usr/lib/gcc-cross/arm-linux-gnueabi/11/../../../../arm-linux-gnueabi/include]
    add: [/usr/include]
  end of search list found
  collapse include dir [/usr/lib/gcc-cross/arm-linux-gnueabi/11/../../../../arm-linux-gnueabi/include/c++/11] ==> [/usr/arm-linux-gnueabi/include/c++/11]
  collapse include dir [/usr/lib/gcc-cross/arm-linux-gnueabi/11/../../../../arm-linux-gnueabi/include/c++/11/arm-linux-gnueabi/.] ==> [/usr/arm-linux-gnueabi/include/c++/11/arm-linux-gnueabi]
  collapse include dir [/usr/lib/gcc-cross/arm-linux-gnueabi/11/../../../../arm-linux-gnueabi/include/c++/11/backward] ==> [/usr/arm-linux-gnueabi/include/c++/11/backward]
  collapse include dir [/usr/lib/gcc-cross/arm-linux-gnueabi/11/include] ==> [/usr/lib/gcc-cross/arm-linux-gnueabi/11/include]
  collapse include dir [/usr/lib/gcc-cross/arm-linux-gnueabi/11/../../../../arm-linux-gnueabi/include] ==> [/usr/arm-linux-gnueabi/include]
  collapse include dir [/usr/include] ==> [/usr/include]
  implicit include dirs: [/usr/arm-linux-gnueabi/include/c++/11;/usr/arm-linux-gnueabi/include/c++/11/arm-linux-gnueabi;/usr/arm-linux-gnueabi/include/c++/11/backward;/usr/lib/gcc-cross/arm-linux-gnueabi/11/include;/usr/arm-linux-gnueabi/include;/usr/include]


Parsed CXX implicit link information from above output:
  link line regex: [^( *|.*[/\])(arm-linux-gnueabi-ld|CMAKE_LINK_STARTFILE-NOTFOUND|([^/\]+-)?ld|collect2)[^/\]*( |$)]
  ignore line: [Change Dir: /home/hongdayu/single_source/cmake-build-debug/CMakeFiles/CMakeTmp]
  ignore line: []
  ignore line: [Run Build Command(s):/usr/bin/make cmTC_b44f3/fast && /usr/bin/make  -f CMakeFiles/cmTC_b44f3.dir/build.make CMakeFiles/cmTC_b44f3.dir/build]
  ignore line: [make[1]: Entering directory '/home/hongdayu/single_source/cmake-build-debug/CMakeFiles/CMakeTmp']
  ignore line: [Building CXX object CMakeFiles/cmTC_b44f3.dir/CMakeCXXCompilerABI.cpp.o]
  ignore line: [/usr/bin/arm-linux-gnueabi-g++   -v -o CMakeFiles/cmTC_b44f3.dir/CMakeCXXCompilerABI.cpp.o -c /usr/share/cmake-3.18/Modules/CMakeCXXCompilerABI.cpp]
  ignore line: [Using built-in specs.]
  ignore line: [COLLECT_GCC=/usr/bin/arm-linux-gnueabi-g++]
  ignore line: [Target: arm-linux-gnueabi]
  ignore line: [Configured with: ../src/configure -v --with-pkgversion='Ubuntu 11.2.0-5ubuntu1' --with-bugurl=file:///usr/share/doc/gcc-11/README.Bugs --enable-languages=c ada c++ go d fortran objc obj-c++ m2 --prefix=/usr --with-gcc-major-version-only --program-suffix=-11 --enable-shared --enable-linker-build-id --libexecdir=/usr/lib --without-included-gettext --enable-threads=posix --libdir=/usr/lib --enable-nls --with-sysroot=/ --enable-clocale=gnu --enable-libstdcxx-debug --enable-libstdcxx-time=yes --with-default-libstdcxx-abi=new --enable-gnu-unique-object --disable-libitm --disable-libquadmath --disable-libquadmath-support --enable-plugin --with-system-zlib --enable-libphobos-checking=release --without-target-system-zlib --enable-multiarch --disable-sjlj-exceptions --with-specs='%{mfloat-abi=hard:-march=armv7-a -mcpu=generic-armv7-a -mfloat-abi=hard}' --with-arch=armv5t --with-float=soft --disable-werror --enable-checking=release --build=x86_64-linux-gnu --host=x86_64-linux-gnu --target=arm-linux-gnueabi --program-prefix=arm-linux-gnueabi- --includedir=/usr/arm-linux-gnueabi/include --with-build-config=bootstrap-lto-lean --enable-link-serialization=2]
  ignore line: [Thread model: posix]
  ignore line: [Supported LTO compression algorithms: zlib zstd]
  ignore line: [gcc version 11.2.0 (Ubuntu 11.2.0-5ubuntu1) ]
  ignore line: [COLLECT_GCC_OPTIONS='-v' '-o' 'CMakeFiles/cmTC_b44f3.dir/CMakeCXXCompilerABI.cpp.o' '-c' '-shared-libgcc'  '-mfloat-abi=soft' '-mtls-dialect=gnu' '-marm' '-mlibarch=armv5t' '-march=armv5t' '-dumpdir' 'CMakeFiles/cmTC_b44f3.dir/']
  ignore line: [ /usr/lib/gcc-cross/arm-linux-gnueabi/11/cc1plus -quiet -v -imultilib . -imultiarch arm-linux-gnueabi -D_GNU_SOURCE /usr/share/cmake-3.18/Modules/CMakeCXXCompilerABI.cpp -quiet -dumpdir CMakeFiles/cmTC_b44f3.dir/ -dumpbase CMakeCXXCompilerABI.cpp.cpp -dumpbase-ext .cpp -mfloat-abi=soft -mtls-dialect=gnu -marm -mlibarch=armv5t -march=armv5t -version -fstack-protector-strong -Wformat -Wformat-security -o /tmp/ccZ5awZb.s]
  ignore line: [GNU C++17 (Ubuntu 11.2.0-5ubuntu1) version 11.2.0 (arm-linux-gnueabi)]
  ignore line: [	compiled by GNU C version 11.2.0  GMP version 6.2.1  MPFR version 4.1.0  MPC version 1.2.0  isl version isl-0.24-GMP]
  ignore line: []
  ignore line: [GGC heuristics: --param ggc-min-expand=100 --param ggc-min-heapsize=131072]
  ignore line: [ignoring nonexistent directory "/usr/local/include/arm-linux-gnueabi"]
  ignore line: [ignoring nonexistent directory "/usr/lib/gcc-cross/arm-linux-gnueabi/11/include-fixed"]
  ignore line: [ignoring nonexistent directory "/usr/include/arm-linux-gnueabi"]
  ignore line: [#include "..." search starts here:]
  ignore line: [#include <...> search starts here:]
  ignore line: [ /usr/lib/gcc-cross/arm-linux-gnueabi/11/../../../../arm-linux-gnueabi/include/c++/11]
  ignore line: [ /usr/lib/gcc-cross/arm-linux-gnueabi/11/../../../../arm-linux-gnueabi/include/c++/11/arm-linux-gnueabi/.]
  ignore line: [ /usr/lib/gcc-cross/arm-linux-gnueabi/11/../../../../arm-linux-gnueabi/include/c++/11/backward]
  ignore line: [ /usr/lib/gcc-cross/arm-linux-gnueabi/11/include]
  ignore line: [ /usr/lib/gcc-cross/arm-linux-gnueabi/11/../../../../arm-linux-gnueabi/include]
  ignore line: [ /usr/include]
  ignore line: [End of search list.]
  ignore line: [GNU C++17 (Ubuntu 11.2.0-5ubuntu1) version 11.2.0 (arm-linux-gnueabi)]
  ignore line: [	compiled by GNU C version 11.2.0  GMP version 6.2.1  MPFR version 4.1.0  MPC version 1.2.0  isl version isl-0.24-GMP]
  ignore line: []
  ignore line: [GGC heuristics: --param ggc-min-expand=100 --param ggc-min-heapsize=131072]
  ignore line: [Compiler executable checksum: 62e4fdc9166675f5dce158a5ebf9243f]
  ignore line: [COLLECT_GCC_OPTIONS='-v' '-o' 'CMakeFiles/cmTC_b44f3.dir/CMakeCXXCompilerABI.cpp.o' '-c' '-shared-libgcc'  '-mfloat-abi=soft' '-mtls-dialect=gnu' '-marm' '-mlibarch=armv5t' '-march=armv5t' '-dumpdir' 'CMakeFiles/cmTC_b44f3.dir/']
  ignore line: [ /usr/lib/gcc-cross/arm-linux-gnueabi/11/../../../../arm-linux-gnueabi/bin/as -v -march=armv5t -mfloat-abi=soft -meabi=5 -o CMakeFiles/cmTC_b44f3.dir/CMakeCXXCompilerABI.cpp.o /tmp/ccZ5awZb.s]
  ignore line: [GNU assembler version 2.37 (arm-linux-gnueabi) using BFD version (GNU Binutils for Ubuntu) 2.37]
  ignore line: [COMPILER_PATH=/usr/lib/gcc-cross/arm-linux-gnueabi/11/:/usr/lib/gcc-cross/arm-linux-gnueabi/11/:/usr/lib/gcc-cross/arm-linux-gnueabi/:/usr/lib/gcc-cross/arm-linux-gnueabi/11/:/usr/lib/gcc-cross/arm-linux-gnueabi/:/usr/lib/gcc-cross/arm-linux-gnueabi/11/../../../../arm-linux-gnueabi/bin/]
  ignore line: [LIBRARY_PATH=/usr/lib/gcc-cross/arm-linux-gnueabi/11/:/usr/lib/gcc-cross/arm-linux-gnueabi/11/../../../../arm-linux-gnueabi/lib/:/lib/arm-linux-gnueabi/:/lib/:/usr/lib/arm-linux-gnueabi/:/usr/lib/]
  ignore line: [COLLECT_GCC_OPTIONS='-v' '-o' 'CMakeFiles/cmTC_b44f3.dir/CMakeCXXCompilerABI.cpp.o' '-c' '-shared-libgcc'  '-mfloat-abi=soft' '-mtls-dialect=gnu' '-marm' '-mlibarch=armv5t' '-march=armv5t' '-dumpdir' 'CMakeFiles/cmTC_b44f3.dir/CMakeCXXCompilerABI.cpp.']
  ignore line: [Linking CXX executable cmTC_b44f3]
  ignore line: [/usr/bin/cmake -E cmake_link_script CMakeFiles/cmTC_b44f3.dir/link.txt --verbose=1]
  ignore line: [/usr/bin/arm-linux-gnueabi-g++  -v CMakeFiles/cmTC_b44f3.dir/CMakeCXXCompilerABI.cpp.o -o cmTC_b44f3 ]
  ignore line: [Using built-in specs.]
  ignore line: [COLLECT_GCC=/usr/bin/arm-linux-gnueabi-g++]
  ignore line: [COLLECT_LTO_WRAPPER=/usr/lib/gcc-cross/arm-linux-gnueabi/11/lto-wrapper]
  ignore line: [Target: arm-linux-gnueabi]
  ignore line: [Configured with: ../src/configure -v --with-pkgversion='Ubuntu 11.2.0-5ubuntu1' --with-bugurl=file:///usr/share/doc/gcc-11/README.Bugs --enable-languages=c ada c++ go d fortran objc obj-c++ m2 --prefix=/usr --with-gcc-major-version-only --program-suffix=-11 --enable-shared --enable-linker-build-id --libexecdir=/usr/lib --without-included-gettext --enable-threads=posix --libdir=/usr/lib --enable-nls --with-sysroot=/ --enable-clocale=gnu --enable-libstdcxx-debug --enable-libstdcxx-time=yes --with-default-libstdcxx-abi=new --enable-gnu-unique-object --disable-libitm --disable-libquadmath --disable-libquadmath-support --enable-plugin --with-system-zlib --enable-libphobos-checking=release --without-target-system-zlib --enable-multiarch --disable-sjlj-exceptions --with-specs='%{mfloat-abi=hard:-march=armv7-a -mcpu=generic-armv7-a -mfloat-abi=hard}' --with-arch=armv5t --with-float=soft --disable-werror --enable-checking=release --build=x86_64-linux-gnu --host=x86_64-linux-gnu --target=arm-linux-gnueabi --program-prefix=arm-linux-gnueabi- --includedir=/usr/arm-linux-gnueabi/include --with-build-config=bootstrap-lto-lean --enable-link-serialization=2]
  ignore line: [Thread model: posix]
  ignore line: [Supported LTO compression algorithms: zlib zstd]
  ignore line: [gcc version 11.2.0 (Ubuntu 11.2.0-5ubuntu1) ]
  ignore line: [COMPILER_PATH=/usr/lib/gcc-cross/arm-linux-gnueabi/11/:/usr/lib/gcc-cross/arm-linux-gnueabi/11/:/usr/lib/gcc-cross/arm-linux-gnueabi/:/usr/lib/gcc-cross/arm-linux-gnueabi/11/:/usr/lib/gcc-cross/arm-linux-gnueabi/:/usr/lib/gcc-cross/arm-linux-gnueabi/11/../../../../arm-linux-gnueabi/bin/]
  ignore line: [LIBRARY_PATH=/usr/lib/gcc-cross/arm-linux-gnueabi/11/:/usr/lib/gcc-cross/arm-linux-gnueabi/11/../../../../arm-linux-gnueabi/lib/:/lib/arm-linux-gnueabi/:/lib/:/usr/lib/arm-linux-gnueabi/:/usr/lib/]
  ignore line: [COLLECT_GCC_OPTIONS='-v' '-o' 'cmTC_b44f3' '-shared-libgcc'  '-mfloat-abi=soft' '-mtls-dialect=gnu' '-marm' '-mlibarch=armv5t' '-march=armv5t' '-dumpdir' 'cmTC_b44f3.']
  link line: [ /usr/lib/gcc-cross/arm-linux-gnueabi/11/collect2 -plugin /usr/lib/gcc-cross/arm-linux-gnueabi/11/liblto_plugin.so -plugin-opt=/usr/lib/gcc-cross/arm-linux-gnueabi/11/lto-wrapper -plugin-opt=-fresolution=/tmp/ccPUbwye.res -plugin-opt=-pass-through=-lgcc_s -plugin-opt=-pass-through=-lgcc -plugin-opt=-pass-through=-lc -plugin-opt=-pass-through=-lgcc_s -plugin-opt=-pass-through=-lgcc --sysroot=/ --build-id --eh-frame-hdr -dynamic-linker /lib/ld-linux.so.3 -X --hash-style=gnu --as-needed -m armelf_linux_eabi -z relro -o cmTC_b44f3 /usr/lib/gcc-cross/arm-linux-gnueabi/11/../../../../arm-linux-gnueabi/lib/crt1.o /usr/lib/gcc-cross/arm-linux-gnueabi/11/../../../../arm-linux-gnueabi/lib/crti.o /usr/lib/gcc-cross/arm-linux-gnueabi/11/crtbegin.o -L/usr/lib/gcc-cross/arm-linux-gnueabi/11 -L/usr/lib/gcc-cross/arm-linux-gnueabi/11/../../../../arm-linux-gnueabi/lib -L/lib/arm-linux-gnueabi -L/usr/lib/arm-linux-gnueabi CMakeFiles/cmTC_b44f3.dir/CMakeCXXCompilerABI.cpp.o -lstdc++ -lm -lgcc_s -lgcc -lc -lgcc_s -lgcc /usr/lib/gcc-cross/arm-linux-gnueabi/11/crtend.o /usr/lib/gcc-cross/arm-linux-gnueabi/11/../../../../arm-linux-gnueabi/lib/crtn.o]
    arg [/usr/lib/gcc-cross/arm-linux-gnueabi/11/collect2] ==> ignore
    arg [-plugin] ==> ignore
    arg [/usr/lib/gcc-cross/arm-linux-gnueabi/11/liblto_plugin.so] ==> ignore
    arg [-plugin-opt=/usr/lib/gcc-cross/arm-linux-gnueabi/11/lto-wrapper] ==> ignore
    arg [-plugin-opt=-fresolution=/tmp/ccPUbwye.res] ==> ignore
    arg [-plugin-opt=-pass-through=-lgcc_s] ==> ignore
    arg [-plugin-opt=-pass-through=-lgcc] ==> ignore
    arg [-plugin-opt=-pass-through=-lc] ==> ignore
    arg [-plugin-opt=-pass-through=-lgcc_s] ==> ignore
    arg [-plugin-opt=-pass-through=-lgcc] ==> ignore
    arg [--sysroot=/] ==> ignore
    arg [--build-id] ==> ignore
    arg [--eh-frame-hdr] ==> ignore
    arg [-dynamic-linker] ==> ignore
    arg [/lib/ld-linux.so.3] ==> ignore
    arg [-X] ==> ignore
    arg [--hash-style=gnu] ==> ignore
    arg [--as-needed] ==> ignore
    arg [-m] ==> ignore
    arg [armelf_linux_eabi] ==> ignore
    arg [-zrelro] ==> ignore
    arg [-o] ==> ignore
    arg [cmTC_b44f3] ==> ignore
    arg [/usr/lib/gcc-cross/arm-linux-gnueabi/11/../../../../arm-linux-gnueabi/lib/crt1.o] ==> ignore
    arg [/usr/lib/gcc-cross/arm-linux-gnueabi/11/../../../../arm-linux-gnueabi/lib/crti.o] ==> ignore
    arg [/usr/lib/gcc-cross/arm-linux-gnueabi/11/crtbegin.o] ==> ignore
    arg [-L/usr/lib/gcc-cross/arm-linux-gnueabi/11] ==> dir [/usr/lib/gcc-cross/arm-linux-gnueabi/11]
    arg [-L/usr/lib/gcc-cross/arm-linux-gnueabi/11/../../../../arm-linux-gnueabi/lib] ==> dir [/usr/lib/gcc-cross/arm-linux-gnueabi/11/../../../../arm-linux-gnueabi/lib]
    arg [-L/lib/arm-linux-gnueabi] ==> dir [/lib/arm-linux-gnueabi]
    arg [-L/usr/lib/arm-linux-gnueabi] ==> dir [/usr/lib/arm-linux-gnueabi]
    arg [CMakeFiles/cmTC_b44f3.dir/CMakeCXXCompilerABI.cpp.o] ==> ignore
    arg [-lstdc++] ==> lib [stdc++]
    arg [-lm] ==> lib [m]
    arg [-lgcc_s] ==> lib [gcc_s]
    arg [-lgcc] ==> lib [gcc]
    arg [-lc] ==> lib [c]
    arg [-lgcc_s] ==> lib [gcc_s]
    arg [-lgcc] ==> lib [gcc]
    arg [/usr/lib/gcc-cross/arm-linux-gnueabi/11/crtend.o] ==> ignore
    arg [/usr/lib/gcc-cross/arm-linux-gnueabi/11/../../../../arm-linux-gnueabi/lib/crtn.o] ==> ignore
  collapse library dir [/usr/lib/gcc-cross/arm-linux-gnueabi/11] ==> [/usr/lib/gcc-cross/arm-linux-gnueabi/11]
  collapse library dir [/usr/lib/gcc-cross/arm-linux-gnueabi/11/../../../../arm-linux-gnueabi/lib] ==> [/usr/arm-linux-gnueabi/lib]
  collapse library dir [/lib/arm-linux-gnueabi] ==> [/lib/arm-linux-gnueabi]
  collapse library dir [/usr/lib/arm-linux-gnueabi] ==> [/usr/lib/arm-linux-gnueabi]
  implicit libs: [stdc++;m;gcc_s;gcc;c;gcc_s;gcc]
  implicit dirs: [/usr/lib/gcc-cross/arm-linux-gnueabi/11;/usr/arm-linux-gnueabi/lib;/lib/arm-linux-gnueabi;/usr/lib/arm-linux-gnueabi]
  implicit fwks: []


